[2025-12-09 16:11:15] local.INFO: === PASSWORD RESET REQUEST STARTED ===  
[2025-12-09 16:11:15] local.INFO: Request data: {"email":"alifrahmanra5@gmail.com"}  
[2025-12-09 16:11:15] local.INFO: PASSWORD RESET: Email validation passed for: alifrahmanra5@gmail.com  
[2025-12-09 16:11:15] local.INFO: PASSWORD RESET: User found - ID: 21, Name: Alif Rahman Rasyad Adi  
[2025-12-09 16:11:15] local.INFO: PASSWORD RESET: Generated token: O7SqUxQRcU...  
[2025-12-09 16:11:15] local.INFO: PASSWORD RESET: Deleted 0 old tokens  
[2025-12-09 16:11:15] local.INFO: PASSWORD RESET: Token insert result: success  
[2025-12-09 16:11:15] local.INFO: PASSWORD RESET: Token verified in database - Created at: 2025-12-09 16:11:15  
[2025-12-09 16:11:15] local.INFO: PASSWORD RESET: Reset URL: http://localhost:3000/reset-password?token=O7SqUxQRcUULc4xWUQnEp8j6vbplhBgBkVkaaEM9a3OgwpD8p6UAwF17qQne7Pu8&email=alifrahmanra5%40gmail.com  
[2025-12-09 16:11:15] local.INFO: PASSWORD RESET: Attempting to send email via Mail facade...  
[2025-12-09 16:11:19] local.INFO: PASSWORD RESET: Email sent successfully via Mail facade  
[2025-12-09 17:34:49] local.INFO: Password reset attempt for email: alifrahmanra5@gmail.com, token: O7SqUxQRcU...  
[2025-12-09 17:34:49] local.WARNING: Password reset token not found for email: alifrahmanra5@gmail.com  
[2025-12-09 18:55:13] local.INFO: === PASSWORD RESET REQUEST STARTED ===  
[2025-12-09 18:55:13] local.INFO: Request data: {"email":"alifrahmanra5@gmail.com"}  
[2025-12-09 18:55:13] local.INFO: PASSWORD RESET: Email validation passed for: alifrahmanra5@gmail.com  
[2025-12-09 18:55:13] local.INFO: PASSWORD RESET: User found - ID: 21, Name: Alif Rahman Rasyad Adi  
[2025-12-09 18:55:13] local.INFO: PASSWORD RESET: Generated token: 9lhQUjbGkE...  
[2025-12-09 18:55:13] local.INFO: PASSWORD RESET: Deleted 0 old tokens  
[2025-12-09 18:55:13] local.INFO: PASSWORD RESET: Token insert result: success  
[2025-12-09 18:55:13] local.INFO: PASSWORD RESET: Token verified in database - Created at: 2025-12-09 18:55:13  
[2025-12-09 18:55:13] local.INFO: PASSWORD RESET: Reset URL: http://localhost:3000/reset-password?token=9lhQUjbGkEDUtmk1XPB2x5Ge8TI6gCUc0w7fGfOPeRclthll32FivAc2UXjKCJrF&email=alifrahmanra5%40gmail.com  
[2025-12-09 18:55:13] local.INFO: PASSWORD RESET: Attempting to send email via Mail facade...  
[2025-12-09 18:55:16] local.INFO: PASSWORD RESET: Email sent successfully via Mail facade  
[2025-12-09 18:56:52] local.INFO: Password reset attempt for email: alifrahmanra5@gmail.com, token: 9lhQUjbGkE...  
[2025-12-09 18:56:52] local.INFO: Token created at: 2025-12-10 18:55:13, Expires at: 2025-12-10 18:55:13, Current time: 2025-12-09 18:56:52  
[2025-12-09 18:56:53] local.ERROR: Error resetting password: SQLSTATE[42S22]: Column not found: 1054 Unknown column 'remember_token' in 'field list' (Connection: mysql, SQL: update `user` set `password` = $2y$12$dY3U9XzH8oRE7ETVRiyXkeB7VDOFDTtziedpoy8SKpZEyNRPJryPe, `remember_token` = 1DJ8Kf3IEApEq4LSZZA2qooRFp5RPd1Gl0VkrN31YCAnY2SlE2pcUABPVmae, `user`.`updated_at` = 2025-12-09 18:56:53 where `user_id` = 21), Trace: #0 C:\Users\alifr\Documents\COOLYEAH TELKOM\SEMESTER 5\5SCENT_1\5SCENT_WEB\WEB-5SCENT\backend\laravel-5scent\vendor\laravel\framework\src\Illuminate\Database\Connection.php(780): Illuminate\Database\Connection->runQueryCallback('update `user` s...', Array, Object(Closure))
#1 C:\Users\alifr\Documents\COOLYEAH TELKOM\SEMESTER 5\5SCENT_1\5SCENT_WEB\WEB-5SCENT\backend\laravel-5scent\vendor\laravel\framework\src\Illuminate\Database\Connection.php(583): Illuminate\Database\Connection->run('update `user` s...', Array, Object(Closure))
#2 C:\Users\alifr\Documents\COOLYEAH TELKOM\SEMESTER 5\5SCENT_1\5SCENT_WEB\WEB-5SCENT\backend\laravel-5scent\vendor\laravel\framework\src\Illuminate\Database\Connection.php(535): Illuminate\Database\Connection->affectingStatement('update `user` s...', Array)
#3 C:\Users\alifr\Documents\COOLYEAH TELKOM\SEMESTER 5\5SCENT_1\5SCENT_WEB\WEB-5SCENT\backend\laravel-5scent\vendor\laravel\framework\src\Illuminate\Database\Query\Builder.php(3917): Illuminate\Database\Connection->update('update `user` s...', Array)
#4 C:\Users\alifr\Documents\COOLYEAH TELKOM\SEMESTER 5\5SCENT_1\5SCENT_WEB\WEB-5SCENT\backend\laravel-5scent\vendor\laravel\framework\src\Illuminate\Database\Eloquent\Builder.php(1266): Illuminate\Database\Query\Builder->update(Object(Illuminate\Support\Collection))
#5 C:\Users\alifr\Documents\COOLYEAH TELKOM\SEMESTER 5\5SCENT_1\5SCENT_WEB\WEB-5SCENT\backend\laravel-5scent\vendor\laravel\framework\src\Illuminate\Database\Eloquent\Model.php(1316): Illuminate\Database\Eloquent\Builder->update(Array)
#6 C:\Users\alifr\Documents\COOLYEAH TELKOM\SEMESTER 5\5SCENT_1\5SCENT_WEB\WEB-5SCENT\backend\laravel-5scent\vendor\laravel\framework\src\Illuminate\Database\Eloquent\Model.php(1233): Illuminate\Database\Eloquent\Model->performUpdate(Object(Illuminate\Database\Eloquent\Builder))
#7 C:\Users\alifr\Documents\COOLYEAH TELKOM\SEMESTER 5\5SCENT_1\5SCENT_WEB\WEB-5SCENT\backend\laravel-5scent\app\Http\Controllers\Auth\ResetPasswordController.php(82): Illuminate\Database\Eloquent\Model->save()
#8 C:\Users\alifr\Documents\COOLYEAH TELKOM\SEMESTER 5\5SCENT_1\5SCENT_WEB\WEB-5SCENT\backend\laravel-5scent\vendor\laravel\framework\src\Illuminate\Routing\ControllerDispatcher.php(46): App\Http\Controllers\Auth\ResetPasswordController->reset(Object(Illuminate\Http\Request))
#9 C:\Users\alifr\Documents\COOLYEAH TELKOM\SEMESTER 5\5SCENT_1\5SCENT_WEB\WEB-5SCENT\backend\laravel-5scent\vendor\laravel\framework\src\Illuminate\Routing\Route.php(265): Illuminate\Routing\ControllerDispatcher->dispatch(Object(Illuminate\Routing\Route), Object(App\Http\Controllers\Auth\ResetPasswordController), 'reset')
#10 C:\Users\alifr\Documents\COOLYEAH TELKOM\SEMESTER 5\5SCENT_1\5SCENT_WEB\WEB-5SCENT\backend\laravel-5scent\vendor\laravel\framework\src\Illuminate\Routing\Route.php(211): Illuminate\Routing\Route->runController()
#11 C:\Users\alifr\Documents\COOLYEAH TELKOM\SEMESTER 5\5SCENT_1\5SCENT_WEB\WEB-5SCENT\backend\laravel-5scent\vendor\laravel\framework\src\Illuminate\Routing\Router.php(822): Illuminate\Routing\Route->run()
#12 C:\Users\alifr\Documents\COOLYEAH TELKOM\SEMESTER 5\5SCENT_1\5SCENT_WEB\WEB-5SCENT\backend\laravel-5scent\vendor\laravel\framework\src\Illuminate\Pipeline\Pipeline.php(180): Illuminate\Routing\Router->Illuminate\Routing\{closure}(Object(Illuminate\Http\Request))
#13 C:\Users\alifr\Documents\COOLYEAH TELKOM\SEMESTER 5\5SCENT_1\5SCENT_WEB\WEB-5SCENT\backend\laravel-5scent\vendor\laravel\framework\src\Illuminate\Routing\Middleware\SubstituteBindings.php(50): Illuminate\Pipeline\Pipeline->Illuminate\Pipeline\{closure}(Object(Illuminate\Http\Request))
#14 C:\Users\alifr\Documents\COOLYEAH TELKOM\SEMESTER 5\5SCENT_1\5SCENT_WEB\WEB-5SCENT\backend\laravel-5scent\vendor\laravel\framework\src\Illuminate\Pipeline\Pipeline.php(219): Illuminate\Routing\Middleware\SubstituteBindings->handle(Object(Illuminate\Http\Request), Object(Closure))
#15 C:\Users\alifr\Documents\COOLYEAH TELKOM\SEMESTER 5\5SCENT_1\5SCENT_WEB\WEB-5SCENT\backend\laravel-5scent\vendor\laravel\framework\src\Illuminate\Pipeline\Pipeline.php(137): Illuminate\Pipeline\Pipeline->Illuminate\Pipeline\{closure}(Object(Illuminate\Http\Request))
#16 C:\Users\alifr\Documents\COOLYEAH TELKOM\SEMESTER 5\5SCENT_1\5SCENT_WEB\WEB-5SCENT\backend\laravel-5scent\vendor\laravel\framework\src\Illuminate\Routing\Router.php(821): Illuminate\Pipeline\Pipeline->then(Object(Closure))
#17 C:\Users\alifr\Documents\COOLYEAH TELKOM\SEMESTER 5\5SCENT_1\5SCENT_WEB\WEB-5SCENT\backend\laravel-5scent\vendor\laravel\framework\src\Illuminate\Routing\Router.php(800): Illuminate\Routing\Router->runRouteWithinStack(Object(Illuminate\Routing\Route), Object(Illuminate\Http\Request))
#18 C:\Users\alifr\Documents\COOLYEAH TELKOM\SEMESTER 5\5SCENT_1\5SCENT_WEB\WEB-5SCENT\backend\laravel-5scent\vendor\laravel\framework\src\Illuminate\Routing\Router.php(764): Illuminate\Routing\Router->runRoute(Object(Illuminate\Http\Request), Object(Illuminate\Routing\Route))
#19 C:\Users\alifr\Documents\COOLYEAH TELKOM\SEMESTER 5\5SCENT_1\5SCENT_WEB\WEB-5SCENT\backend\laravel-5scent\vendor\laravel\framework\src\Illuminate\Routing\Router.php(753): Illuminate\Routing\Router->dispatchToRoute(Object(Illuminate\Http\Request))
#20 C:\Users\alifr\Documents\COOLYEAH TELKOM\SEMESTER 5\5SCENT_1\5SCENT_WEB\WEB-5SCENT\backend\laravel-5scent\vendor\laravel\framework\src\Illuminate\Foundation\Http\Kernel.php(200): Illuminate\Routing\Router->dispatch(Object(Illuminate\Http\Request))
#21 C:\Users\alifr\Documents\COOLYEAH TELKOM\SEMESTER 5\5SCENT_1\5SCENT_WEB\WEB-5SCENT\backend\laravel-5scent\vendor\laravel\framework\src\Illuminate\Pipeline\Pipeline.php(180): Illuminate\Foundation\Http\Kernel->Illuminate\Foundation\Http\{closure}(Object(Illuminate\Http\Request))
#22 C:\Users\alifr\Documents\COOLYEAH TELKOM\SEMESTER 5\5SCENT_1\5SCENT_WEB\WEB-5SCENT\backend\laravel-5scent\vendor\laravel\framework\src\Illuminate\Foundation\Http\Middleware\TransformsRequest.php(21): Illuminate\Pipeline\Pipeline->Illuminate\Pipeline\{closure}(Object(Illuminate\Http\Request))
#23 C:\Users\alifr\Documents\COOLYEAH TELKOM\SEMESTER 5\5SCENT_1\5SCENT_WEB\WEB-5SCENT\backend\laravel-5scent\vendor\laravel\framework\src\Illuminate\Foundation\Http\Middleware\ConvertEmptyStringsToNull.php(31): Illuminate\Foundation\Http\Middleware\TransformsRequest->handle(Object(Illuminate\Http\Request), Object(Closure))
#24 C:\Users\alifr\Documents\COOLYEAH TELKOM\SEMESTER 5\5SCENT_1\5SCENT_WEB\WEB-5SCENT\backend\laravel-5scent\vendor\laravel\framework\src\Illuminate\Pipeline\Pipeline.php(219): Illuminate\Foundation\Http\Middleware\ConvertEmptyStringsToNull->handle(Object(Illuminate\Http\Request), Object(Closure))
#25 C:\Users\alifr\Documents\COOLYEAH TELKOM\SEMESTER 5\5SCENT_1\5SCENT_WEB\WEB-5SCENT\backend\laravel-5scent\vendor\laravel\framework\src\Illuminate\Foundation\Http\Middleware\TransformsRequest.php(21): Illuminate\Pipeline\Pipeline->Illuminate\Pipeline\{closure}(Object(Illuminate\Http\Request))
#26 C:\Users\alifr\Documents\COOLYEAH TELKOM\SEMESTER 5\5SCENT_1\5SCENT_WEB\WEB-5SCENT\backend\laravel-5scent\vendor\laravel\framework\src\Illuminate\Foundation\Http\Middleware\TrimStrings.php(51): Illuminate\Foundation\Http\Middleware\TransformsRequest->handle(Object(Illuminate\Http\Request), Object(Closure))
#27 C:\Users\alifr\Documents\COOLYEAH TELKOM\SEMESTER 5\5SCENT_1\5SCENT_WEB\WEB-5SCENT\backend\laravel-5scent\vendor\laravel\framework\src\Illuminate\Pipeline\Pipeline.php(219): Illuminate\Foundation\Http\Middleware\TrimStrings->handle(Object(Illuminate\Http\Request), Object(Closure))
#28 C:\Users\alifr\Documents\COOLYEAH TELKOM\SEMESTER 5\5SCENT_1\5SCENT_WEB\WEB-5SCENT\backend\laravel-5scent\vendor\laravel\framework\src\Illuminate\Http\Middleware\ValidatePostSize.php(27): Illuminate\Pipeline\Pipeline->Illuminate\Pipeline\{closure}(Object(Illuminate\Http\Request))
#29 C:\Users\alifr\Documents\COOLYEAH TELKOM\SEMESTER 5\5SCENT_1\5SCENT_WEB\WEB-5SCENT\backend\laravel-5scent\vendor\laravel\framework\src\Illuminate\Pipeline\Pipeline.php(219): Illuminate\Http\Middleware\ValidatePostSize->handle(Object(Illuminate\Http\Request), Object(Closure))
#30 C:\Users\alifr\Documents\COOLYEAH TELKOM\SEMESTER 5\5SCENT_1\5SCENT_WEB\WEB-5SCENT\backend\laravel-5scent\vendor\laravel\framework\src\Illuminate\Foundation\Http\Middleware\PreventRequestsDuringMaintenance.php(109): Illuminate\Pipeline\Pipeline->Illuminate\Pipeline\{closure}(Object(Illuminate\Http\Request))
#31 C:\Users\alifr\Documents\COOLYEAH TELKOM\SEMESTER 5\5SCENT_1\5SCENT_WEB\WEB-5SCENT\backend\laravel-5scent\vendor\laravel\framework\src\Illuminate\Pipeline\Pipeline.php(219): Illuminate\Foundation\Http\Middleware\PreventRequestsDuringMaintenance->handle(Object(Illuminate\Http\Request), Object(Closure))
#32 C:\Users\alifr\Documents\COOLYEAH TELKOM\SEMESTER 5\5SCENT_1\5SCENT_WEB\WEB-5SCENT\backend\laravel-5scent\vendor\laravel\framework\src\Illuminate\Http\Middleware\HandleCors.php(61): Illuminate\Pipeline\Pipeline->Illuminate\Pipeline\{closure}(Object(Illuminate\Http\Request))
#33 C:\Users\alifr\Documents\COOLYEAH TELKOM\SEMESTER 5\5SCENT_1\5SCENT_WEB\WEB-5SCENT\backend\laravel-5scent\vendor\laravel\framework\src\Illuminate\Pipeline\Pipeline.php(219): Illuminate\Http\Middleware\HandleCors->handle(Object(Illuminate\Http\Request), Object(Closure))
#34 C:\Users\alifr\Documents\COOLYEAH TELKOM\SEMESTER 5\5SCENT_1\5SCENT_WEB\WEB-5SCENT\backend\laravel-5scent\vendor\laravel\framework\src\Illuminate\Http\Middleware\TrustProxies.php(58): Illuminate\Pipeline\Pipeline->Illuminate\Pipeline\{closure}(Object(Illuminate\Http\Request))
#35 C:\Users\alifr\Documents\COOLYEAH TELKOM\SEMESTER 5\5SCENT_1\5SCENT_WEB\WEB-5SCENT\backend\laravel-5scent\vendor\laravel\framework\src\Illuminate\Pipeline\Pipeline.php(219): Illuminate\Http\Middleware\TrustProxies->handle(Object(Illuminate\Http\Request), Object(Closure))
#36 C:\Users\alifr\Documents\COOLYEAH TELKOM\SEMESTER 5\5SCENT_1\5SCENT_WEB\WEB-5SCENT\backend\laravel-5scent\vendor\laravel\framework\src\Illuminate\Foundation\Http\Middleware\InvokeDeferredCallbacks.php(22): Illuminate\Pipeline\Pipeline->Illuminate\Pipeline\{closure}(Object(Illuminate\Http\Request))
#37 C:\Users\alifr\Documents\COOLYEAH TELKOM\SEMESTER 5\5SCENT_1\5SCENT_WEB\WEB-5SCENT\backend\laravel-5scent\vendor\laravel\framework\src\Illuminate\Pipeline\Pipeline.php(219): Illuminate\Foundation\Http\Middleware\InvokeDeferredCallbacks->handle(Object(Illuminate\Http\Request), Object(Closure))
#38 C:\Users\alifr\Documents\COOLYEAH TELKOM\SEMESTER 5\5SCENT_1\5SCENT_WEB\WEB-5SCENT\backend\laravel-5scent\vendor\laravel\framework\src\Illuminate\Http\Middleware\ValidatePathEncoding.php(26): Illuminate\Pipeline\Pipeline->Illuminate\Pipeline\{closure}(Object(Illuminate\Http\Request))
#39 C:\Users\alifr\Documents\COOLYEAH TELKOM\SEMESTER 5\5SCENT_1\5SCENT_WEB\WEB-5SCENT\backend\laravel-5scent\vendor\laravel\framework\src\Illuminate\Pipeline\Pipeline.php(219): Illuminate\Http\Middleware\ValidatePathEncoding->handle(Object(Illuminate\Http\Request), Object(Closure))
#40 C:\Users\alifr\Documents\COOLYEAH TELKOM\SEMESTER 5\5SCENT_1\5SCENT_WEB\WEB-5SCENT\backend\laravel-5scent\vendor\laravel\framework\src\Illuminate\Pipeline\Pipeline.php(137): Illuminate\Pipeline\Pipeline->Illuminate\Pipeline\{closure}(Object(Illuminate\Http\Request))
#41 C:\Users\alifr\Documents\COOLYEAH TELKOM\SEMESTER 5\5SCENT_1\5SCENT_WEB\WEB-5SCENT\backend\laravel-5scent\vendor\laravel\framework\src\Illuminate\Foundation\Http\Kernel.php(175): Illuminate\Pipeline\Pipeline->then(Object(Closure))
#42 C:\Users\alifr\Documents\COOLYEAH TELKOM\SEMESTER 5\5SCENT_1\5SCENT_WEB\WEB-5SCENT\backend\laravel-5scent\vendor\laravel\framework\src\Illuminate\Foundation\Http\Kernel.php(144): Illuminate\Foundation\Http\Kernel->sendRequestThroughRouter(Object(Illuminate\Http\Request))
#43 C:\Users\alifr\Documents\COOLYEAH TELKOM\SEMESTER 5\5SCENT_1\5SCENT_WEB\WEB-5SCENT\backend\laravel-5scent\public\index.php(22): Illuminate\Foundation\Http\Kernel->handle(Object(Illuminate\Http\Request))
#44 C:\Users\alifr\Documents\COOLYEAH TELKOM\SEMESTER 5\5SCENT_1\5SCENT_WEB\WEB-5SCENT\backend\laravel-5scent\vendor\laravel\framework\src\Illuminate\Foundation\resources\server.php(23): require_once('C:\\Users\\alifr\\...')
#45 {main}  
[2025-12-09 19:05:05] local.INFO: === PASSWORD RESET ATTEMPT STARTED ===  
[2025-12-09 19:05:05] local.INFO: Reset request data: {"email":"alifrahmanra5@gmail.com","token":"9lhQUjbGkEDUtmk1XPB2x5Ge8TI6gCUc0w7fGfOPeRclthll32FivAc2UXjKCJrF","password":"Alif12345%","password_confirmation":"Alif12345%"}  
[2025-12-09 19:05:05] local.INFO: PASSWORD RESET: Validation passed for email: alifrahmanra5@gmail.com, token: 9lhQUjbGkE...  
[2025-12-09 19:05:05] local.INFO: PASSWORD RESET: Looking for token in database...  
[2025-12-09 19:05:05] local.INFO: PASSWORD RESET: Token found, checking expiry...  
[2025-12-09 19:05:05] local.INFO: PASSWORD RESET: Token created at: 2025-12-10 18:55:13, Expires at: 2025-12-10 18:55:13, Current time: 2025-12-09 19:05:05  
[2025-12-09 19:05:05] local.INFO: PASSWORD RESET: Looking for user with email: alifrahmanra5@gmail.com  
[2025-12-09 19:05:05] local.INFO: PASSWORD RESET: User found - ID: 21, updating password...  
[2025-12-09 19:05:05] local.ERROR: PASSWORD RESET: Exception occurred - SQLSTATE[42S22]: Column not found: 1054 Unknown column 'remember_token' in 'field list' (Connection: mysql, SQL: update `user` set `password` = $2y$12$Sb3HSaWvX0psat9.5seqsucRZ.bA4dOKsLlPQlKxQartJxzukpFQW, `remember_token` = RYT0gqZoNMYSyIbEU2DbWhWwZ9gQgs5MOYkLoVYhDPTKTSn7hoWWnPVqCi8b, `user`.`updated_at` = 2025-12-09 19:05:05 where `user_id` = 21)  
[2025-12-09 19:05:05] local.ERROR: PASSWORD RESET: Stack trace - #0 C:\Users\alifr\Documents\COOLYEAH TELKOM\SEMESTER 5\5SCENT_1\5SCENT_WEB\WEB-5SCENT\backend\laravel-5scent\vendor\laravel\framework\src\Illuminate\Database\Connection.php(780): Illuminate\Database\Connection->runQueryCallback('update `user` s...', Array, Object(Closure))
#1 C:\Users\alifr\Documents\COOLYEAH TELKOM\SEMESTER 5\5SCENT_1\5SCENT_WEB\WEB-5SCENT\backend\laravel-5scent\vendor\laravel\framework\src\Illuminate\Database\Connection.php(583): Illuminate\Database\Connection->run('update `user` s...', Array, Object(Closure))
#2 C:\Users\alifr\Documents\COOLYEAH TELKOM\SEMESTER 5\5SCENT_1\5SCENT_WEB\WEB-5SCENT\backend\laravel-5scent\vendor\laravel\framework\src\Illuminate\Database\Connection.php(535): Illuminate\Database\Connection->affectingStatement('update `user` s...', Array)
#3 C:\Users\alifr\Documents\COOLYEAH TELKOM\SEMESTER 5\5SCENT_1\5SCENT_WEB\WEB-5SCENT\backend\laravel-5scent\vendor\laravel\framework\src\Illuminate\Database\Query\Builder.php(3917): Illuminate\Database\Connection->update('update `user` s...', Array)
#4 C:\Users\alifr\Documents\COOLYEAH TELKOM\SEMESTER 5\5SCENT_1\5SCENT_WEB\WEB-5SCENT\backend\laravel-5scent\vendor\laravel\framework\src\Illuminate\Database\Eloquent\Builder.php(1266): Illuminate\Database\Query\Builder->update(Object(Illuminate\Support\Collection))
#5 C:\Users\alifr\Documents\COOLYEAH TELKOM\SEMESTER 5\5SCENT_1\5SCENT_WEB\WEB-5SCENT\backend\laravel-5scent\vendor\laravel\framework\src\Illuminate\Database\Eloquent\Model.php(1316): Illuminate\Database\Eloquent\Builder->update(Array)
#6 C:\Users\alifr\Documents\COOLYEAH TELKOM\SEMESTER 5\5SCENT_1\5SCENT_WEB\WEB-5SCENT\backend\laravel-5scent\vendor\laravel\framework\src\Illuminate\Database\Eloquent\Model.php(1233): Illuminate\Database\Eloquent\Model->performUpdate(Object(Illuminate\Database\Eloquent\Builder))
#7 C:\Users\alifr\Documents\COOLYEAH TELKOM\SEMESTER 5\5SCENT_1\5SCENT_WEB\WEB-5SCENT\backend\laravel-5scent\app\Http\Controllers\Auth\ResetPasswordController.php(96): Illuminate\Database\Eloquent\Model->save()
#8 C:\Users\alifr\Documents\COOLYEAH TELKOM\SEMESTER 5\5SCENT_1\5SCENT_WEB\WEB-5SCENT\backend\laravel-5scent\vendor\laravel\framework\src\Illuminate\Routing\ControllerDispatcher.php(46): App\Http\Controllers\Auth\ResetPasswordController->reset(Object(Illuminate\Http\Request))
#9 C:\Users\alifr\Documents\COOLYEAH TELKOM\SEMESTER 5\5SCENT_1\5SCENT_WEB\WEB-5SCENT\backend\laravel-5scent\vendor\laravel\framework\src\Illuminate\Routing\Route.php(265): Illuminate\Routing\ControllerDispatcher->dispatch(Object(Illuminate\Routing\Route), Object(App\Http\Controllers\Auth\ResetPasswordController), 'reset')
#10 C:\Users\alifr\Documents\COOLYEAH TELKOM\SEMESTER 5\5SCENT_1\5SCENT_WEB\WEB-5SCENT\backend\laravel-5scent\vendor\laravel\framework\src\Illuminate\Routing\Route.php(211): Illuminate\Routing\Route->runController()
#11 C:\Users\alifr\Documents\COOLYEAH TELKOM\SEMESTER 5\5SCENT_1\5SCENT_WEB\WEB-5SCENT\backend\laravel-5scent\vendor\laravel\framework\src\Illuminate\Routing\Router.php(822): Illuminate\Routing\Route->run()
#12 C:\Users\alifr\Documents\COOLYEAH TELKOM\SEMESTER 5\5SCENT_1\5SCENT_WEB\WEB-5SCENT\backend\laravel-5scent\vendor\laravel\framework\src\Illuminate\Pipeline\Pipeline.php(180): Illuminate\Routing\Router->Illuminate\Routing\{closure}(Object(Illuminate\Http\Request))
#13 C:\Users\alifr\Documents\COOLYEAH TELKOM\SEMESTER 5\5SCENT_1\5SCENT_WEB\WEB-5SCENT\backend\laravel-5scent\vendor\laravel\framework\src\Illuminate\Routing\Middleware\SubstituteBindings.php(50): Illuminate\Pipeline\Pipeline->Illuminate\Pipeline\{closure}(Object(Illuminate\Http\Request))
#14 C:\Users\alifr\Documents\COOLYEAH TELKOM\SEMESTER 5\5SCENT_1\5SCENT_WEB\WEB-5SCENT\backend\laravel-5scent\vendor\laravel\framework\src\Illuminate\Pipeline\Pipeline.php(219): Illuminate\Routing\Middleware\SubstituteBindings->handle(Object(Illuminate\Http\Request), Object(Closure))
#15 C:\Users\alifr\Documents\COOLYEAH TELKOM\SEMESTER 5\5SCENT_1\5SCENT_WEB\WEB-5SCENT\backend\laravel-5scent\vendor\laravel\framework\src\Illuminate\Pipeline\Pipeline.php(137): Illuminate\Pipeline\Pipeline->Illuminate\Pipeline\{closure}(Object(Illuminate\Http\Request))
#16 C:\Users\alifr\Documents\COOLYEAH TELKOM\SEMESTER 5\5SCENT_1\5SCENT_WEB\WEB-5SCENT\backend\laravel-5scent\vendor\laravel\framework\src\Illuminate\Routing\Router.php(821): Illuminate\Pipeline\Pipeline->then(Object(Closure))
#17 C:\Users\alifr\Documents\COOLYEAH TELKOM\SEMESTER 5\5SCENT_1\5SCENT_WEB\WEB-5SCENT\backend\laravel-5scent\vendor\laravel\framework\src\Illuminate\Routing\Router.php(800): Illuminate\Routing\Router->runRouteWithinStack(Object(Illuminate\Routing\Route), Object(Illuminate\Http\Request))
#18 C:\Users\alifr\Documents\COOLYEAH TELKOM\SEMESTER 5\5SCENT_1\5SCENT_WEB\WEB-5SCENT\backend\laravel-5scent\vendor\laravel\framework\src\Illuminate\Routing\Router.php(764): Illuminate\Routing\Router->runRoute(Object(Illuminate\Http\Request), Object(Illuminate\Routing\Route))
#19 C:\Users\alifr\Documents\COOLYEAH TELKOM\SEMESTER 5\5SCENT_1\5SCENT_WEB\WEB-5SCENT\backend\laravel-5scent\vendor\laravel\framework\src\Illuminate\Routing\Router.php(753): Illuminate\Routing\Router->dispatchToRoute(Object(Illuminate\Http\Request))
#20 C:\Users\alifr\Documents\COOLYEAH TELKOM\SEMESTER 5\5SCENT_1\5SCENT_WEB\WEB-5SCENT\backend\laravel-5scent\vendor\laravel\framework\src\Illuminate\Foundation\Http\Kernel.php(200): Illuminate\Routing\Router->dispatch(Object(Illuminate\Http\Request))
#21 C:\Users\alifr\Documents\COOLYEAH TELKOM\SEMESTER 5\5SCENT_1\5SCENT_WEB\WEB-5SCENT\backend\laravel-5scent\vendor\laravel\framework\src\Illuminate\Pipeline\Pipeline.php(180): Illuminate\Foundation\Http\Kernel->Illuminate\Foundation\Http\{closure}(Object(Illuminate\Http\Request))
#22 C:\Users\alifr\Documents\COOLYEAH TELKOM\SEMESTER 5\5SCENT_1\5SCENT_WEB\WEB-5SCENT\backend\laravel-5scent\vendor\laravel\framework\src\Illuminate\Foundation\Http\Middleware\TransformsRequest.php(21): Illuminate\Pipeline\Pipeline->Illuminate\Pipeline\{closure}(Object(Illuminate\Http\Request))
#23 C:\Users\alifr\Documents\COOLYEAH TELKOM\SEMESTER 5\5SCENT_1\5SCENT_WEB\WEB-5SCENT\backend\laravel-5scent\vendor\laravel\framework\src\Illuminate\Foundation\Http\Middleware\ConvertEmptyStringsToNull.php(31): Illuminate\Foundation\Http\Middleware\TransformsRequest->handle(Object(Illuminate\Http\Request), Object(Closure))
#24 C:\Users\alifr\Documents\COOLYEAH TELKOM\SEMESTER 5\5SCENT_1\5SCENT_WEB\WEB-5SCENT\backend\laravel-5scent\vendor\laravel\framework\src\Illuminate\Pipeline\Pipeline.php(219): Illuminate\Foundation\Http\Middleware\ConvertEmptyStringsToNull->handle(Object(Illuminate\Http\Request), Object(Closure))
#25 C:\Users\alifr\Documents\COOLYEAH TELKOM\SEMESTER 5\5SCENT_1\5SCENT_WEB\WEB-5SCENT\backend\laravel-5scent\vendor\laravel\framework\src\Illuminate\Foundation\Http\Middleware\TransformsRequest.php(21): Illuminate\Pipeline\Pipeline->Illuminate\Pipeline\{closure}(Object(Illuminate\Http\Request))
#26 C:\Users\alifr\Documents\COOLYEAH TELKOM\SEMESTER 5\5SCENT_1\5SCENT_WEB\WEB-5SCENT\backend\laravel-5scent\vendor\laravel\framework\src\Illuminate\Foundation\Http\Middleware\TrimStrings.php(51): Illuminate\Foundation\Http\Middleware\TransformsRequest->handle(Object(Illuminate\Http\Request), Object(Closure))
#27 C:\Users\alifr\Documents\COOLYEAH TELKOM\SEMESTER 5\5SCENT_1\5SCENT_WEB\WEB-5SCENT\backend\laravel-5scent\vendor\laravel\framework\src\Illuminate\Pipeline\Pipeline.php(219): Illuminate\Foundation\Http\Middleware\TrimStrings->handle(Object(Illuminate\Http\Request), Object(Closure))
#28 C:\Users\alifr\Documents\COOLYEAH TELKOM\SEMESTER 5\5SCENT_1\5SCENT_WEB\WEB-5SCENT\backend\laravel-5scent\vendor\laravel\framework\src\Illuminate\Http\Middleware\ValidatePostSize.php(27): Illuminate\Pipeline\Pipeline->Illuminate\Pipeline\{closure}(Object(Illuminate\Http\Request))
#29 C:\Users\alifr\Documents\COOLYEAH TELKOM\SEMESTER 5\5SCENT_1\5SCENT_WEB\WEB-5SCENT\backend\laravel-5scent\vendor\laravel\framework\src\Illuminate\Pipeline\Pipeline.php(219): Illuminate\Http\Middleware\ValidatePostSize->handle(Object(Illuminate\Http\Request), Object(Closure))
#30 C:\Users\alifr\Documents\COOLYEAH TELKOM\SEMESTER 5\5SCENT_1\5SCENT_WEB\WEB-5SCENT\backend\laravel-5scent\vendor\laravel\framework\src\Illuminate\Foundation\Http\Middleware\PreventRequestsDuringMaintenance.php(109): Illuminate\Pipeline\Pipeline->Illuminate\Pipeline\{closure}(Object(Illuminate\Http\Request))
#31 C:\Users\alifr\Documents\COOLYEAH TELKOM\SEMESTER 5\5SCENT_1\5SCENT_WEB\WEB-5SCENT\backend\laravel-5scent\vendor\laravel\framework\src\Illuminate\Pipeline\Pipeline.php(219): Illuminate\Foundation\Http\Middleware\PreventRequestsDuringMaintenance->handle(Object(Illuminate\Http\Request), Object(Closure))
#32 C:\Users\alifr\Documents\COOLYEAH TELKOM\SEMESTER 5\5SCENT_1\5SCENT_WEB\WEB-5SCENT\backend\laravel-5scent\vendor\laravel\framework\src\Illuminate\Http\Middleware\HandleCors.php(61): Illuminate\Pipeline\Pipeline->Illuminate\Pipeline\{closure}(Object(Illuminate\Http\Request))
#33 C:\Users\alifr\Documents\COOLYEAH TELKOM\SEMESTER 5\5SCENT_1\5SCENT_WEB\WEB-5SCENT\backend\laravel-5scent\vendor\laravel\framework\src\Illuminate\Pipeline\Pipeline.php(219): Illuminate\Http\Middleware\HandleCors->handle(Object(Illuminate\Http\Request), Object(Closure))
#34 C:\Users\alifr\Documents\COOLYEAH TELKOM\SEMESTER 5\5SCENT_1\5SCENT_WEB\WEB-5SCENT\backend\laravel-5scent\vendor\laravel\framework\src\Illuminate\Http\Middleware\TrustProxies.php(58): Illuminate\Pipeline\Pipeline->Illuminate\Pipeline\{closure}(Object(Illuminate\Http\Request))
#35 C:\Users\alifr\Documents\COOLYEAH TELKOM\SEMESTER 5\5SCENT_1\5SCENT_WEB\WEB-5SCENT\backend\laravel-5scent\vendor\laravel\framework\src\Illuminate\Pipeline\Pipeline.php(219): Illuminate\Http\Middleware\TrustProxies->handle(Object(Illuminate\Http\Request), Object(Closure))
#36 C:\Users\alifr\Documents\COOLYEAH TELKOM\SEMESTER 5\5SCENT_1\5SCENT_WEB\WEB-5SCENT\backend\laravel-5scent\vendor\laravel\framework\src\Illuminate\Foundation\Http\Middleware\InvokeDeferredCallbacks.php(22): Illuminate\Pipeline\Pipeline->Illuminate\Pipeline\{closure}(Object(Illuminate\Http\Request))
#37 C:\Users\alifr\Documents\COOLYEAH TELKOM\SEMESTER 5\5SCENT_1\5SCENT_WEB\WEB-5SCENT\backend\laravel-5scent\vendor\laravel\framework\src\Illuminate\Pipeline\Pipeline.php(219): Illuminate\Foundation\Http\Middleware\InvokeDeferredCallbacks->handle(Object(Illuminate\Http\Request), Object(Closure))
#38 C:\Users\alifr\Documents\COOLYEAH TELKOM\SEMESTER 5\5SCENT_1\5SCENT_WEB\WEB-5SCENT\backend\laravel-5scent\vendor\laravel\framework\src\Illuminate\Http\Middleware\ValidatePathEncoding.php(26): Illuminate\Pipeline\Pipeline->Illuminate\Pipeline\{closure}(Object(Illuminate\Http\Request))
#39 C:\Users\alifr\Documents\COOLYEAH TELKOM\SEMESTER 5\5SCENT_1\5SCENT_WEB\WEB-5SCENT\backend\laravel-5scent\vendor\laravel\framework\src\Illuminate\Pipeline\Pipeline.php(219): Illuminate\Http\Middleware\ValidatePathEncoding->handle(Object(Illuminate\Http\Request), Object(Closure))
#40 C:\Users\alifr\Documents\COOLYEAH TELKOM\SEMESTER 5\5SCENT_1\5SCENT_WEB\WEB-5SCENT\backend\laravel-5scent\vendor\laravel\framework\src\Illuminate\Pipeline\Pipeline.php(137): Illuminate\Pipeline\Pipeline->Illuminate\Pipeline\{closure}(Object(Illuminate\Http\Request))
#41 C:\Users\alifr\Documents\COOLYEAH TELKOM\SEMESTER 5\5SCENT_1\5SCENT_WEB\WEB-5SCENT\backend\laravel-5scent\vendor\laravel\framework\src\Illuminate\Foundation\Http\Kernel.php(175): Illuminate\Pipeline\Pipeline->then(Object(Closure))
#42 C:\Users\alifr\Documents\COOLYEAH TELKOM\SEMESTER 5\5SCENT_1\5SCENT_WEB\WEB-5SCENT\backend\laravel-5scent\vendor\laravel\framework\src\Illuminate\Foundation\Http\Kernel.php(144): Illuminate\Foundation\Http\Kernel->sendRequestThroughRouter(Object(Illuminate\Http\Request))
#43 C:\Users\alifr\Documents\COOLYEAH TELKOM\SEMESTER 5\5SCENT_1\5SCENT_WEB\WEB-5SCENT\backend\laravel-5scent\public\index.php(22): Illuminate\Foundation\Http\Kernel->handle(Object(Illuminate\Http\Request))
#44 C:\Users\alifr\Documents\COOLYEAH TELKOM\SEMESTER 5\5SCENT_1\5SCENT_WEB\WEB-5SCENT\backend\laravel-5scent\vendor\laravel\framework\src\Illuminate\Foundation\resources\server.php(23): require_once('C:\\Users\\alifr\\...')
#45 {main}  
[2025-12-09 19:16:36] local.INFO: === PASSWORD RESET ATTEMPT STARTED ===  
[2025-12-09 19:16:36] local.INFO: Reset request data: {"email":"alifrahmanra5@gmail.com","token":"9lhQUjbGkEDUtmk1XPB2x5Ge8TI6gCUc0w7fGfOPeRclthll32FivAc2UXjKCJrF","password":"Alif12345%","password_confirmation":"Alif12345%"}  
[2025-12-09 19:16:36] local.INFO: PASSWORD RESET: Validation passed for email: alifrahmanra5@gmail.com, token: 9lhQUjbGkE...  
[2025-12-09 19:16:36] local.INFO: PASSWORD RESET: Looking for token in database...  
[2025-12-09 19:16:36] local.INFO: PASSWORD RESET: Token found, checking expiry...  
[2025-12-09 19:16:36] local.INFO: PASSWORD RESET: Token created at: 2025-12-10 18:55:13, Expires at: 2025-12-10 18:55:13, Current time: 2025-12-09 19:16:36  
[2025-12-09 19:16:36] local.INFO: PASSWORD RESET: Looking for user with email: alifrahmanra5@gmail.com  
[2025-12-09 19:16:36] local.INFO: PASSWORD RESET: User found - ID: 21, updating password...  
[2025-12-09 19:16:36] local.INFO: PASSWORD RESET: Password updated for user ID: 21  
[2025-12-09 19:16:36] local.INFO: PASSWORD RESET: Token deleted, password reset successfully for email: alifrahmanra5@gmail.com  
[2025-12-09 19:17:56] local.INFO: === PASSWORD RESET REQUEST STARTED ===  
[2025-12-09 19:17:56] local.INFO: Request data: {"email":"alifrahmanra5@gmail.com"}  
[2025-12-09 19:17:56] local.INFO: PASSWORD RESET: Email validation passed for: alifrahmanra5@gmail.com  
[2025-12-09 19:17:56] local.INFO: PASSWORD RESET: User found - ID: 21, Name: Alif Rahman Rasyad Adi  
[2025-12-09 19:17:56] local.INFO: PASSWORD RESET: Generated token: rwO60u4A1L...  
[2025-12-09 19:17:56] local.INFO: PASSWORD RESET: Deleted 0 old tokens  
[2025-12-09 19:17:56] local.INFO: PASSWORD RESET: Token insert result: success  
[2025-12-09 19:17:56] local.INFO: PASSWORD RESET: Token verified in database - Created at: 2025-12-09 19:17:56  
[2025-12-09 19:17:56] local.INFO: PASSWORD RESET: Reset URL: http://localhost:3000/reset-password?token=rwO60u4A1LhCCCJwQg6SGLwhd8atJ2WDOKKhwlDB245WPwVEpGdA5PFyqYC7k2gS&email=alifrahmanra5%40gmail.com  
[2025-12-09 19:17:56] local.INFO: PASSWORD RESET: Attempting to send email via Mail facade...  
[2025-12-09 19:18:01] local.INFO: PASSWORD RESET: Email sent successfully via Mail facade  
[2025-12-09 19:22:35] local.INFO: === PASSWORD RESET ATTEMPT STARTED ===  
[2025-12-09 19:22:35] local.INFO: Reset request data: {"email":"alifrahmanra5@gmail.com","token":"rwO60u4A1LhCCCJwQg6SGLwhd8atJ2WDOKKhwlDB245WPwVEpGdA5PFyqYC7k2gS","password":"12345678","password_confirmation":"12345678"}  
[2025-12-09 19:22:35] local.INFO: PASSWORD RESET: Validation passed for email: alifrahmanra5@gmail.com, token: rwO60u4A1L...  
[2025-12-09 19:22:35] local.INFO: PASSWORD RESET: Looking for token in database...  
[2025-12-09 19:22:35] local.INFO: PASSWORD RESET: Token found, checking expiry...  
[2025-12-09 19:22:35] local.INFO: PASSWORD RESET: Token created at: 2025-12-10 19:17:56, Expires at: 2025-12-10 19:17:56, Current time: 2025-12-09 19:22:35  
[2025-12-09 19:22:35] local.INFO: PASSWORD RESET: Looking for user with email: alifrahmanra5@gmail.com  
[2025-12-09 19:22:35] local.INFO: PASSWORD RESET: User found - ID: 21, updating password...  
[2025-12-09 19:22:36] local.INFO: PASSWORD RESET: Password updated for user ID: 21  
[2025-12-09 19:22:36] local.INFO: PASSWORD RESET: Token deleted, password reset successfully for email: alifrahmanra5@gmail.com  
